
R version 3.3.1 (2016-06-21) -- "Bug in Your Hair"
Copyright (C) 2016 The R Foundation for Statistical Computing
Platform: x86_64-redhat-linux-gnu (64-bit)

R is free software and comes with ABSOLUTELY NO WARRANTY.
You are welcome to redistribute it under certain conditions.
Type 'license()' or 'licence()' for distribution details.

  Natural language support but running in an English locale

R is a collaborative project with many contributors.
Type 'contributors()' for more information and
'citation()' on how to cite R or R packages in publications.

Type 'demo()' for some demos, 'help()' for on-line help, or
'help.start()' for an HTML browser interface to help.
Type 'q()' to quit R.

[Previously saved workspace restored]

> library("MASS", lib.loc="/usr/lib64/R/library")
> 
> options(stringsAsFactors=FALSE)
> rm(list = ls())
> 
> constrainedscore14fbsplays = read.csv("constrainedscore14fbsplays.csv")
> 
> mmscore14playtype3=model.matrix(~constrainedscore14fbsplays$Play.Type3-1)
> mmscore14homeonOff=model.matrix(~constrainedscore14fbsplays$Home.On.Offense-1)
> mmscore14Off=model.matrix(~constrainedscore14fbsplays$Offense.Team.Name-1)
> mmscore14Def=model.matrix(~constrainedscore14fbsplays$Defense.Team.Name-1)
> mmscore14Season=model.matrix(~as.factor(constrainedscore14fbsplays$Season)-1)
> 
> # reg model using run pass and offense team code/season interaction and defense team code/sesason interaction as predictors
> reg13ridge = lm.ridge(constrainedfbsplays$allCEP~mmscore14playtype3 + mmscore14homeonOff + mmscore14Off + mmscore14Def + mmscore14Season -1,lambda=1000)
Error in eval(expr, envir, enclos) : 
  object 'constrainedfbsplays' not found
Calls: lm.ridge ... eval -> <Anonymous> -> model.frame.default -> eval -> eval
Execution halted
